<?xml version="1.0" encoding="UTF-8"?>
<testng-results skipped="0" failed="1" total="8" passed="7">
  <reporter-output>
    <line>
      <![CDATA[INFO  com.epam.vyacheslav_utenkov.java.lesson7.utils.EventListener(1)=41: EventListener - onStart<br>]]>
    </line>
    <line>
      <![CDATA[INFO  com.epam.vyacheslav_utenkov.java.lesson7.advanced.YandexMailTest(1)=48: Testing started<br>]]>
    </line>
    <line>
      <![CDATA[INFO  com.epam.vyacheslav_utenkov.java.lesson7.advanced.YandexMailTest(1)=50: Browser was started<br>]]>
    </line>
    <line>
      <![CDATA[INFO  com.epam.vyacheslav_utenkov.java.lesson7.advanced.YandexMailTest(1)=60: Take data from file 'data.properties'<br>]]>
    </line>
    <line>
      <![CDATA[INFO  com.epam.vyacheslav_utenkov.java.lesson7.utils.EventListener(1)=61: EventListener - onTestStart<br>]]>
    </line>
    <line>
      <![CDATA[INFO  com.epam.vyacheslav_utenkov.java.lesson7.utils.EventListener(1)=26: EventListener - makeScreenShot/if2<br>]]>
    </line>
    <line>
      <![CDATA[INFO  com.epam.vyacheslav_utenkov.java.lesson7.utils.EventListener(1)=31: EventListener - makeScreenShot/if2/makeScreenShot<br>]]>
    </line>
    <line>
      <![CDATA[INFO  com.epam.vyacheslav_utenkov.java.lesson7.utils.ScreenShot(1)=25: <a href='screenshots/screenshot1657830786428318076.png'>Avto screen shot</a><br>]]>
    </line>
    <line>
      <![CDATA[INFO  com.epam.vyacheslav_utenkov.java.lesson7.advanced.YandexMailTest(1)=79: Start login<br>]]>
    </line>
    <line>
      <![CDATA[INFO  com.epam.vyacheslav_utenkov.java.lesson7.advanced.YandexMailTest(1)=86: Set default URL<br>]]>
    </line>
    <line>
      <![CDATA[INFO  com.epam.vyacheslav_utenkov.java.lesson7.advanced.YandexMailTest(1)=92: account was initialized<br>]]>
    </line>
    <line>
      <![CDATA[INFO  com.epam.vyacheslav_utenkov.java.lesson7.advanced.YandexMailTest(1)=95: return login page<br>]]>
    </line>
    <line>
      <![CDATA[INFO  com.epam.vyacheslav_utenkov.java.lesson7.utils.EventListener(1)=66: EventListener - onTestSuccess<br>]]>
    </line>
    <line>
      <![CDATA[INFO  com.epam.vyacheslav_utenkov.java.lesson7.utils.EventListener(1)=26: EventListener - makeScreenShot/if2<br>]]>
    </line>
    <line>
      <![CDATA[INFO  com.epam.vyacheslav_utenkov.java.lesson7.utils.EventListener(1)=31: EventListener - makeScreenShot/if2/makeScreenShot<br>]]>
    </line>
    <line>
      <![CDATA[INFO  com.epam.vyacheslav_utenkov.java.lesson7.utils.ScreenShot(1)=25: <a href='screenshots/screenshot6057275813076661831.png'>Success screen shot</a><br>]]>
    </line>
    <line>
      <![CDATA[INFO  com.epam.vyacheslav_utenkov.java.lesson7.advanced.YandexMailTest(1)=54: Take data from file 'data.properties'<br>]]>
    </line>
    <line>
      <![CDATA[INFO  com.epam.vyacheslav_utenkov.java.lesson7.advanced.YandexMailTest(1)=54: Take data from file 'data.properties'<br>]]>
    </line>
    <line>
      <![CDATA[INFO  com.epam.vyacheslav_utenkov.java.lesson7.advanced.YandexMailTest(1)=54: Take data from file 'data.properties'<br>]]>
    </line>
    <line>
      <![CDATA[INFO  com.epam.vyacheslav_utenkov.java.lesson7.utils.EventListener(1)=61: EventListener - onTestStart<br>]]>
    </line>
    <line>
      <![CDATA[INFO  com.epam.vyacheslav_utenkov.java.lesson7.utils.EventListener(1)=26: EventListener - makeScreenShot/if2<br>]]>
    </line>
    <line>
      <![CDATA[INFO  com.epam.vyacheslav_utenkov.java.lesson7.utils.EventListener(1)=31: EventListener - makeScreenShot/if2/makeScreenShot<br>]]>
    </line>
    <line>
      <![CDATA[INFO  com.epam.vyacheslav_utenkov.java.lesson7.utils.ScreenShot(1)=25: <a href='screenshots/screenshot8281997565996592527.png'>Avto screen shot</a><br>]]>
    </line>
    <line>
      <![CDATA[INFO  com.epam.vyacheslav_utenkov.java.lesson7.advanced.YandexMailTest(1)=102: sendMessagesTest started<br>]]>
    </line>
    <line>
      <![CDATA[INFO  com.epam.vyacheslav_utenkov.java.lesson7.advanced.YandexMailTest(1)=105: main page is chanched to message page<br>]]>
    </line>
    <line>
      <![CDATA[INFO  com.epam.vyacheslav_utenkov.java.lesson7.advanced.YandexMailTest(1)=111: set addressee<br>]]>
    </line>
    <line>
      <![CDATA[INFO  com.epam.vyacheslav_utenkov.java.lesson7.advanced.YandexMailTest(1)=113: set subject<br>]]>
    </line>
    <line>
      <![CDATA[INFO  com.epam.vyacheslav_utenkov.java.lesson7.advanced.YandexMailTest(1)=115: set message<br>]]>
    </line>
    <line>
      <![CDATA[INFO  com.epam.vyacheslav_utenkov.java.lesson7.utils.ScreenShot(1)=25: <a href='screenshots/screenshot5539456782442220941.png'>See screenshot</a><br>]]>
    </line>
    <line>
      <![CDATA[INFO  com.epam.vyacheslav_utenkov.java.lesson7.advanced.YandexMailTest(1)=118: message page  is chanched to sentbox page<br>]]>
    </line>
    <line>
      <![CDATA[INFO  com.epam.vyacheslav_utenkov.java.lesson7.utils.EventListener(1)=66: EventListener - onTestSuccess<br>]]>
    </line>
    <line>
      <![CDATA[INFO  com.epam.vyacheslav_utenkov.java.lesson7.utils.EventListener(1)=26: EventListener - makeScreenShot/if2<br>]]>
    </line>
    <line>
      <![CDATA[INFO  com.epam.vyacheslav_utenkov.java.lesson7.utils.EventListener(1)=31: EventListener - makeScreenShot/if2/makeScreenShot<br>]]>
    </line>
    <line>
      <![CDATA[INFO  com.epam.vyacheslav_utenkov.java.lesson7.utils.ScreenShot(1)=25: <a href='screenshots/screenshot763740728890863553.png'>Success screen shot</a><br>]]>
    </line>
    <line>
      <![CDATA[INFO  com.epam.vyacheslav_utenkov.java.lesson7.utils.EventListener(1)=61: EventListener - onTestStart<br>]]>
    </line>
    <line>
      <![CDATA[INFO  com.epam.vyacheslav_utenkov.java.lesson7.utils.EventListener(1)=26: EventListener - makeScreenShot/if2<br>]]>
    </line>
    <line>
      <![CDATA[INFO  com.epam.vyacheslav_utenkov.java.lesson7.utils.EventListener(1)=31: EventListener - makeScreenShot/if2/makeScreenShot<br>]]>
    </line>
    <line>
      <![CDATA[INFO  com.epam.vyacheslav_utenkov.java.lesson7.utils.ScreenShot(1)=25: <a href='screenshots/screenshot4794435874059481540.png'>Avto screen shot</a><br>]]>
    </line>
    <line>
      <![CDATA[INFO  com.epam.vyacheslav_utenkov.java.lesson7.advanced.YandexMailTest(1)=102: sendMessagesTest started<br>]]>
    </line>
    <line>
      <![CDATA[INFO  com.epam.vyacheslav_utenkov.java.lesson7.advanced.YandexMailTest(1)=105: main page is chanched to message page<br>]]>
    </line>
    <line>
      <![CDATA[INFO  com.epam.vyacheslav_utenkov.java.lesson7.advanced.YandexMailTest(1)=111: set addressee<br>]]>
    </line>
    <line>
      <![CDATA[INFO  com.epam.vyacheslav_utenkov.java.lesson7.advanced.YandexMailTest(1)=113: set subject<br>]]>
    </line>
    <line>
      <![CDATA[INFO  com.epam.vyacheslav_utenkov.java.lesson7.advanced.YandexMailTest(1)=115: set message<br>]]>
    </line>
    <line>
      <![CDATA[INFO  com.epam.vyacheslav_utenkov.java.lesson7.utils.ScreenShot(1)=25: <a href='screenshots/screenshot474818622684100231.png'>See screenshot</a><br>]]>
    </line>
    <line>
      <![CDATA[INFO  com.epam.vyacheslav_utenkov.java.lesson7.advanced.YandexMailTest(1)=118: message page  is chanched to sentbox page<br>]]>
    </line>
    <line>
      <![CDATA[INFO  com.epam.vyacheslav_utenkov.java.lesson7.utils.EventListener(1)=66: EventListener - onTestSuccess<br>]]>
    </line>
    <line>
      <![CDATA[INFO  com.epam.vyacheslav_utenkov.java.lesson7.utils.EventListener(1)=26: EventListener - makeScreenShot/if2<br>]]>
    </line>
    <line>
      <![CDATA[INFO  com.epam.vyacheslav_utenkov.java.lesson7.utils.EventListener(1)=31: EventListener - makeScreenShot/if2/makeScreenShot<br>]]>
    </line>
    <line>
      <![CDATA[INFO  com.epam.vyacheslav_utenkov.java.lesson7.utils.ScreenShot(1)=25: <a href='screenshots/screenshot1644589193140545863.png'>Success screen shot</a><br>]]>
    </line>
    <line>
      <![CDATA[INFO  com.epam.vyacheslav_utenkov.java.lesson7.utils.EventListener(1)=61: EventListener - onTestStart<br>]]>
    </line>
    <line>
      <![CDATA[INFO  com.epam.vyacheslav_utenkov.java.lesson7.utils.EventListener(1)=26: EventListener - makeScreenShot/if2<br>]]>
    </line>
    <line>
      <![CDATA[INFO  com.epam.vyacheslav_utenkov.java.lesson7.utils.EventListener(1)=31: EventListener - makeScreenShot/if2/makeScreenShot<br>]]>
    </line>
    <line>
      <![CDATA[INFO  com.epam.vyacheslav_utenkov.java.lesson7.utils.ScreenShot(1)=25: <a href='screenshots/screenshot8968492093911265851.png'>Avto screen shot</a><br>]]>
    </line>
    <line>
      <![CDATA[INFO  com.epam.vyacheslav_utenkov.java.lesson7.advanced.YandexMailTest(1)=102: sendMessagesTest started<br>]]>
    </line>
    <line>
      <![CDATA[INFO  com.epam.vyacheslav_utenkov.java.lesson7.advanced.YandexMailTest(1)=105: main page is chanched to message page<br>]]>
    </line>
    <line>
      <![CDATA[INFO  com.epam.vyacheslav_utenkov.java.lesson7.advanced.YandexMailTest(1)=111: set addressee<br>]]>
    </line>
    <line>
      <![CDATA[INFO  com.epam.vyacheslav_utenkov.java.lesson7.advanced.YandexMailTest(1)=113: set subject<br>]]>
    </line>
    <line>
      <![CDATA[INFO  com.epam.vyacheslav_utenkov.java.lesson7.advanced.YandexMailTest(1)=115: set message<br>]]>
    </line>
    <line>
      <![CDATA[INFO  com.epam.vyacheslav_utenkov.java.lesson7.utils.ScreenShot(1)=25: <a href='screenshots/screenshot4965246010420069091.png'>See screenshot</a><br>]]>
    </line>
    <line>
      <![CDATA[INFO  com.epam.vyacheslav_utenkov.java.lesson7.advanced.YandexMailTest(1)=118: message page  is chanched to sentbox page<br>]]>
    </line>
    <line>
      <![CDATA[INFO  com.epam.vyacheslav_utenkov.java.lesson7.utils.EventListener(1)=66: EventListener - onTestSuccess<br>]]>
    </line>
    <line>
      <![CDATA[INFO  com.epam.vyacheslav_utenkov.java.lesson7.utils.EventListener(1)=26: EventListener - makeScreenShot/if2<br>]]>
    </line>
    <line>
      <![CDATA[INFO  com.epam.vyacheslav_utenkov.java.lesson7.utils.EventListener(1)=31: EventListener - makeScreenShot/if2/makeScreenShot<br>]]>
    </line>
    <line>
      <![CDATA[INFO  com.epam.vyacheslav_utenkov.java.lesson7.utils.ScreenShot(1)=25: <a href='screenshots/screenshot1977736005347376593.png'>Success screen shot</a><br>]]>
    </line>
    <line>
      <![CDATA[INFO  com.epam.vyacheslav_utenkov.java.lesson7.advanced.YandexMailTest(1)=54: Take data from file 'data.properties'<br>]]>
    </line>
    <line>
      <![CDATA[INFO  com.epam.vyacheslav_utenkov.java.lesson7.advanced.YandexMailTest(1)=54: Take data from file 'data.properties'<br>]]>
    </line>
    <line>
      <![CDATA[INFO  com.epam.vyacheslav_utenkov.java.lesson7.advanced.YandexMailTest(1)=54: Take data from file 'data.properties'<br>]]>
    </line>
    <line>
      <![CDATA[INFO  com.epam.vyacheslav_utenkov.java.lesson7.utils.EventListener(1)=61: EventListener - onTestStart<br>]]>
    </line>
    <line>
      <![CDATA[INFO  com.epam.vyacheslav_utenkov.java.lesson7.utils.EventListener(1)=26: EventListener - makeScreenShot/if2<br>]]>
    </line>
    <line>
      <![CDATA[INFO  com.epam.vyacheslav_utenkov.java.lesson7.utils.EventListener(1)=31: EventListener - makeScreenShot/if2/makeScreenShot<br>]]>
    </line>
    <line>
      <![CDATA[INFO  com.epam.vyacheslav_utenkov.java.lesson7.utils.ScreenShot(1)=25: <a href='screenshots/screenshot5296662877423349235.png'>Avto screen shot</a><br>]]>
    </line>
    <line>
      <![CDATA[INFO  com.epam.vyacheslav_utenkov.java.lesson7.advanced.YandexMailTest(1)=130: Start check label<br>]]>
    </line>
    <line>
      <![CDATA[INFO  com.epam.vyacheslav_utenkov.java.lesson7.utils.EventListener(1)=66: EventListener - onTestSuccess<br>]]>
    </line>
    <line>
      <![CDATA[INFO  com.epam.vyacheslav_utenkov.java.lesson7.utils.EventListener(1)=26: EventListener - makeScreenShot/if2<br>]]>
    </line>
    <line>
      <![CDATA[INFO  com.epam.vyacheslav_utenkov.java.lesson7.utils.EventListener(1)=31: EventListener - makeScreenShot/if2/makeScreenShot<br>]]>
    </line>
    <line>
      <![CDATA[INFO  com.epam.vyacheslav_utenkov.java.lesson7.utils.ScreenShot(1)=25: <a href='screenshots/screenshot7894615602564245546.png'>Success screen shot</a><br>]]>
    </line>
    <line>
      <![CDATA[INFO  com.epam.vyacheslav_utenkov.java.lesson7.utils.EventListener(1)=61: EventListener - onTestStart<br>]]>
    </line>
    <line>
      <![CDATA[INFO  com.epam.vyacheslav_utenkov.java.lesson7.utils.EventListener(1)=26: EventListener - makeScreenShot/if2<br>]]>
    </line>
    <line>
      <![CDATA[INFO  com.epam.vyacheslav_utenkov.java.lesson7.utils.EventListener(1)=31: EventListener - makeScreenShot/if2/makeScreenShot<br>]]>
    </line>
    <line>
      <![CDATA[INFO  com.epam.vyacheslav_utenkov.java.lesson7.utils.ScreenShot(1)=25: <a href='screenshots/screenshot3036562321316538620.png'>Avto screen shot</a><br>]]>
    </line>
    <line>
      <![CDATA[INFO  com.epam.vyacheslav_utenkov.java.lesson7.advanced.YandexMailTest(1)=130: Start check label<br>]]>
    </line>
    <line>
      <![CDATA[INFO  com.epam.vyacheslav_utenkov.java.lesson7.utils.EventListener(1)=66: EventListener - onTestSuccess<br>]]>
    </line>
    <line>
      <![CDATA[INFO  com.epam.vyacheslav_utenkov.java.lesson7.utils.EventListener(1)=26: EventListener - makeScreenShot/if2<br>]]>
    </line>
    <line>
      <![CDATA[INFO  com.epam.vyacheslav_utenkov.java.lesson7.utils.EventListener(1)=31: EventListener - makeScreenShot/if2/makeScreenShot<br>]]>
    </line>
    <line>
      <![CDATA[INFO  com.epam.vyacheslav_utenkov.java.lesson7.utils.ScreenShot(1)=25: <a href='screenshots/screenshot7603993693658616428.png'>Success screen shot</a><br>]]>
    </line>
    <line>
      <![CDATA[INFO  com.epam.vyacheslav_utenkov.java.lesson7.utils.EventListener(1)=61: EventListener - onTestStart<br>]]>
    </line>
    <line>
      <![CDATA[INFO  com.epam.vyacheslav_utenkov.java.lesson7.utils.EventListener(1)=26: EventListener - makeScreenShot/if2<br>]]>
    </line>
    <line>
      <![CDATA[INFO  com.epam.vyacheslav_utenkov.java.lesson7.utils.EventListener(1)=31: EventListener - makeScreenShot/if2/makeScreenShot<br>]]>
    </line>
    <line>
      <![CDATA[INFO  com.epam.vyacheslav_utenkov.java.lesson7.utils.ScreenShot(1)=25: <a href='screenshots/screenshot6159695891302318699.png'>Avto screen shot</a><br>]]>
    </line>
    <line>
      <![CDATA[INFO  com.epam.vyacheslav_utenkov.java.lesson7.advanced.YandexMailTest(1)=130: Start check label<br>]]>
    </line>
    <line>
      <![CDATA[INFO  com.epam.vyacheslav_utenkov.java.lesson7.utils.EventListener(1)=66: EventListener - onTestSuccess<br>]]>
    </line>
    <line>
      <![CDATA[INFO  com.epam.vyacheslav_utenkov.java.lesson7.utils.EventListener(1)=26: EventListener - makeScreenShot/if2<br>]]>
    </line>
    <line>
      <![CDATA[INFO  com.epam.vyacheslav_utenkov.java.lesson7.utils.EventListener(1)=31: EventListener - makeScreenShot/if2/makeScreenShot<br>]]>
    </line>
    <line>
      <![CDATA[INFO  com.epam.vyacheslav_utenkov.java.lesson7.utils.ScreenShot(1)=25: <a href='screenshots/screenshot7724921988484130349.png'>Success screen shot</a><br>]]>
    </line>
    <line>
      <![CDATA[INFO  com.epam.vyacheslav_utenkov.java.lesson7.utils.EventListener(1)=61: EventListener - onTestStart<br>]]>
    </line>
    <line>
      <![CDATA[INFO  com.epam.vyacheslav_utenkov.java.lesson7.utils.EventListener(1)=26: EventListener - makeScreenShot/if2<br>]]>
    </line>
    <line>
      <![CDATA[INFO  com.epam.vyacheslav_utenkov.java.lesson7.utils.EventListener(1)=31: EventListener - makeScreenShot/if2/makeScreenShot<br>]]>
    </line>
    <line>
      <![CDATA[INFO  com.epam.vyacheslav_utenkov.java.lesson7.utils.ScreenShot(1)=25: <a href='screenshots/screenshot3935915278015821673.png'>Avto screen shot</a><br>]]>
    </line>
    <line>
      <![CDATA[INFO  com.epam.vyacheslav_utenkov.java.lesson7.utils.EventListener(1)=51: EventListener - onTestFailure<br>]]>
    </line>
    <line>
      <![CDATA[INFO  com.epam.vyacheslav_utenkov.java.lesson7.utils.EventListener(1)=26: EventListener - makeScreenShot/if2<br>]]>
    </line>
    <line>
      <![CDATA[INFO  com.epam.vyacheslav_utenkov.java.lesson7.utils.EventListener(1)=31: EventListener - makeScreenShot/if2/makeScreenShot<br>]]>
    </line>
    <line>
      <![CDATA[INFO  com.epam.vyacheslav_utenkov.java.lesson7.utils.ScreenShot(1)=25: <a href='screenshots/screenshot979035474637331521.png'>Failed screen shot</a><br>]]>
    </line>
    <line>
      <![CDATA[INFO  com.epam.vyacheslav_utenkov.java.lesson7.utils.ScreenShot(1)=25: <a href='screenshots/screenshot7847875797172864526.png'>See screenshot</a><br>]]>
    </line>
  </reporter-output>
  <suite name="Default suite" duration-ms="66824" started-at="2016-09-13T13:03:53Z" finished-at="2016-09-13T13:05:00Z">
    <groups>
    </groups>
    <test name="Default test" duration-ms="66824" started-at="2016-09-13T13:03:53Z" finished-at="2016-09-13T13:05:00Z">
      <class name="com.epam.vyacheslav_utenkov.java.lesson7.advanced.YandexMailTest">
        <test-method status="PASS" signature="startBrowser()[pri:0, instance:com.epam.vyacheslav_utenkov.java.lesson7.advanced.YandexMailTest@352ff4da]" name="startBrowser" is-config="true" duration-ms="36" started-at="2016-09-13T16:03:53Z" finished-at="2016-09-13T16:03:53Z">
          <reporter-output>
            <line>
              <![CDATA[INFO  com.epam.vyacheslav_utenkov.java.lesson7.advanced.YandexMailTest(1)=48: Testing started<br>]]>
            </line>
            <line>
              <![CDATA[INFO  com.epam.vyacheslav_utenkov.java.lesson7.advanced.YandexMailTest(1)=50: Browser was started<br>]]>
            </line>
          </reporter-output>
        </test-method> <!-- startBrowser -->
        <test-method status="PASS" signature="loginTest(java.lang.String)[pri:0, instance:com.epam.vyacheslav_utenkov.java.lesson7.advanced.YandexMailTest@352ff4da]" name="loginTest" duration-ms="5832" started-at="2016-09-13T16:03:53Z" data-provider="getLoginData" finished-at="2016-09-13T16:03:59Z">
          <params>
            <param index="0">
              <value>
                <![CDATA[vyacheslav.utenkov1990@yandex.ru:123456789spll]]>
              </value>
            </param>
          </params>
          <reporter-output>
            <line>
              <![CDATA[INFO  com.epam.vyacheslav_utenkov.java.lesson7.advanced.YandexMailTest(1)=79: Start login<br>]]>
            </line>
            <line>
              <![CDATA[INFO  com.epam.vyacheslav_utenkov.java.lesson7.advanced.YandexMailTest(1)=86: Set default URL<br>]]>
            </line>
            <line>
              <![CDATA[INFO  com.epam.vyacheslav_utenkov.java.lesson7.advanced.YandexMailTest(1)=92: account was initialized<br>]]>
            </line>
            <line>
              <![CDATA[INFO  com.epam.vyacheslav_utenkov.java.lesson7.advanced.YandexMailTest(1)=95: return login page<br>]]>
            </line>
            <line>
              <![CDATA[INFO  com.epam.vyacheslav_utenkov.java.lesson7.utils.EventListener(1)=66: EventListener - onTestSuccess<br>]]>
            </line>
            <line>
              <![CDATA[INFO  com.epam.vyacheslav_utenkov.java.lesson7.utils.EventListener(1)=26: EventListener - makeScreenShot/if2<br>]]>
            </line>
            <line>
              <![CDATA[INFO  com.epam.vyacheslav_utenkov.java.lesson7.utils.EventListener(1)=31: EventListener - makeScreenShot/if2/makeScreenShot<br>]]>
            </line>
            <line>
              <![CDATA[INFO  com.epam.vyacheslav_utenkov.java.lesson7.utils.ScreenShot(1)=25: <a href='screenshots/screenshot6057275813076661831.png'>Success screen shot</a><br>]]>
            </line>
          </reporter-output>
        </test-method> <!-- loginTest -->
        <test-method status="PASS" signature="sendMessagesTest(java.lang.String)[pri:0, instance:com.epam.vyacheslav_utenkov.java.lesson7.advanced.YandexMailTest@352ff4da]" name="sendMessagesTest" duration-ms="5547" started-at="2016-09-13T16:03:59Z" data-provider="getMessageData" depends-on-methods="com.epam.vyacheslav_utenkov.java.lesson7.advanced.YandexMailTest.loginTest" finished-at="2016-09-13T16:04:05Z">
          <params>
            <param index="0">
              <value>
                <![CDATA[horns.and.hoovers@mail.ru:Just Test Message:Hello world!]]>
              </value>
            </param>
          </params>
          <reporter-output>
            <line>
              <![CDATA[INFO  com.epam.vyacheslav_utenkov.java.lesson7.advanced.YandexMailTest(1)=102: sendMessagesTest started<br>]]>
            </line>
            <line>
              <![CDATA[INFO  com.epam.vyacheslav_utenkov.java.lesson7.advanced.YandexMailTest(1)=105: main page is chanched to message page<br>]]>
            </line>
            <line>
              <![CDATA[INFO  com.epam.vyacheslav_utenkov.java.lesson7.advanced.YandexMailTest(1)=111: set addressee<br>]]>
            </line>
            <line>
              <![CDATA[INFO  com.epam.vyacheslav_utenkov.java.lesson7.advanced.YandexMailTest(1)=113: set subject<br>]]>
            </line>
            <line>
              <![CDATA[INFO  com.epam.vyacheslav_utenkov.java.lesson7.advanced.YandexMailTest(1)=115: set message<br>]]>
            </line>
            <line>
              <![CDATA[INFO  com.epam.vyacheslav_utenkov.java.lesson7.utils.ScreenShot(1)=25: <a href='screenshots/screenshot5539456782442220941.png'>See screenshot</a><br>]]>
            </line>
            <line>
              <![CDATA[INFO  com.epam.vyacheslav_utenkov.java.lesson7.advanced.YandexMailTest(1)=118: message page  is chanched to sentbox page<br>]]>
            </line>
            <line>
              <![CDATA[INFO  com.epam.vyacheslav_utenkov.java.lesson7.utils.EventListener(1)=66: EventListener - onTestSuccess<br>]]>
            </line>
            <line>
              <![CDATA[INFO  com.epam.vyacheslav_utenkov.java.lesson7.utils.EventListener(1)=26: EventListener - makeScreenShot/if2<br>]]>
            </line>
            <line>
              <![CDATA[INFO  com.epam.vyacheslav_utenkov.java.lesson7.utils.EventListener(1)=31: EventListener - makeScreenShot/if2/makeScreenShot<br>]]>
            </line>
            <line>
              <![CDATA[INFO  com.epam.vyacheslav_utenkov.java.lesson7.utils.ScreenShot(1)=25: <a href='screenshots/screenshot763740728890863553.png'>Success screen shot</a><br>]]>
            </line>
          </reporter-output>
        </test-method> <!-- sendMessagesTest -->
        <test-method status="PASS" signature="sendMessagesTest(java.lang.String)[pri:0, instance:com.epam.vyacheslav_utenkov.java.lesson7.advanced.YandexMailTest@352ff4da]" name="sendMessagesTest" duration-ms="4231" started-at="2016-09-13T16:04:05Z" data-provider="getMessageData" depends-on-methods="com.epam.vyacheslav_utenkov.java.lesson7.advanced.YandexMailTest.loginTest" finished-at="2016-09-13T16:04:10Z">
          <params>
            <param index="0">
              <value>
                <![CDATA[horns.and@mail.ru:Just Test for Message2:This message do not have much sense!]]>
              </value>
            </param>
          </params>
          <reporter-output>
            <line>
              <![CDATA[INFO  com.epam.vyacheslav_utenkov.java.lesson7.advanced.YandexMailTest(1)=102: sendMessagesTest started<br>]]>
            </line>
            <line>
              <![CDATA[INFO  com.epam.vyacheslav_utenkov.java.lesson7.advanced.YandexMailTest(1)=105: main page is chanched to message page<br>]]>
            </line>
            <line>
              <![CDATA[INFO  com.epam.vyacheslav_utenkov.java.lesson7.advanced.YandexMailTest(1)=111: set addressee<br>]]>
            </line>
            <line>
              <![CDATA[INFO  com.epam.vyacheslav_utenkov.java.lesson7.advanced.YandexMailTest(1)=113: set subject<br>]]>
            </line>
            <line>
              <![CDATA[INFO  com.epam.vyacheslav_utenkov.java.lesson7.advanced.YandexMailTest(1)=115: set message<br>]]>
            </line>
            <line>
              <![CDATA[INFO  com.epam.vyacheslav_utenkov.java.lesson7.utils.ScreenShot(1)=25: <a href='screenshots/screenshot474818622684100231.png'>See screenshot</a><br>]]>
            </line>
            <line>
              <![CDATA[INFO  com.epam.vyacheslav_utenkov.java.lesson7.advanced.YandexMailTest(1)=118: message page  is chanched to sentbox page<br>]]>
            </line>
            <line>
              <![CDATA[INFO  com.epam.vyacheslav_utenkov.java.lesson7.utils.EventListener(1)=66: EventListener - onTestSuccess<br>]]>
            </line>
            <line>
              <![CDATA[INFO  com.epam.vyacheslav_utenkov.java.lesson7.utils.EventListener(1)=26: EventListener - makeScreenShot/if2<br>]]>
            </line>
            <line>
              <![CDATA[INFO  com.epam.vyacheslav_utenkov.java.lesson7.utils.EventListener(1)=31: EventListener - makeScreenShot/if2/makeScreenShot<br>]]>
            </line>
            <line>
              <![CDATA[INFO  com.epam.vyacheslav_utenkov.java.lesson7.utils.ScreenShot(1)=25: <a href='screenshots/screenshot1644589193140545863.png'>Success screen shot</a><br>]]>
            </line>
          </reporter-output>
        </test-method> <!-- sendMessagesTest -->
        <test-method status="PASS" signature="sendMessagesTest(java.lang.String)[pri:0, instance:com.epam.vyacheslav_utenkov.java.lesson7.advanced.YandexMailTest@352ff4da]" name="sendMessagesTest" duration-ms="3606" started-at="2016-09-13T16:04:10Z" data-provider="getMessageData" depends-on-methods="com.epam.vyacheslav_utenkov.java.lesson7.advanced.YandexMailTest.loginTest" finished-at="2016-09-13T16:04:13Z">
          <params>
            <param index="0">
              <value>
                <![CDATA[horns@mail.ru:Just Test Message3:I am tired to think about message text!]]>
              </value>
            </param>
          </params>
          <reporter-output>
            <line>
              <![CDATA[INFO  com.epam.vyacheslav_utenkov.java.lesson7.advanced.YandexMailTest(1)=102: sendMessagesTest started<br>]]>
            </line>
            <line>
              <![CDATA[INFO  com.epam.vyacheslav_utenkov.java.lesson7.advanced.YandexMailTest(1)=105: main page is chanched to message page<br>]]>
            </line>
            <line>
              <![CDATA[INFO  com.epam.vyacheslav_utenkov.java.lesson7.advanced.YandexMailTest(1)=111: set addressee<br>]]>
            </line>
            <line>
              <![CDATA[INFO  com.epam.vyacheslav_utenkov.java.lesson7.advanced.YandexMailTest(1)=113: set subject<br>]]>
            </line>
            <line>
              <![CDATA[INFO  com.epam.vyacheslav_utenkov.java.lesson7.advanced.YandexMailTest(1)=115: set message<br>]]>
            </line>
            <line>
              <![CDATA[INFO  com.epam.vyacheslav_utenkov.java.lesson7.utils.ScreenShot(1)=25: <a href='screenshots/screenshot4965246010420069091.png'>See screenshot</a><br>]]>
            </line>
            <line>
              <![CDATA[INFO  com.epam.vyacheslav_utenkov.java.lesson7.advanced.YandexMailTest(1)=118: message page  is chanched to sentbox page<br>]]>
            </line>
            <line>
              <![CDATA[INFO  com.epam.vyacheslav_utenkov.java.lesson7.utils.EventListener(1)=66: EventListener - onTestSuccess<br>]]>
            </line>
            <line>
              <![CDATA[INFO  com.epam.vyacheslav_utenkov.java.lesson7.utils.EventListener(1)=26: EventListener - makeScreenShot/if2<br>]]>
            </line>
            <line>
              <![CDATA[INFO  com.epam.vyacheslav_utenkov.java.lesson7.utils.EventListener(1)=31: EventListener - makeScreenShot/if2/makeScreenShot<br>]]>
            </line>
            <line>
              <![CDATA[INFO  com.epam.vyacheslav_utenkov.java.lesson7.utils.ScreenShot(1)=25: <a href='screenshots/screenshot1977736005347376593.png'>Success screen shot</a><br>]]>
            </line>
          </reporter-output>
        </test-method> <!-- sendMessagesTest -->
        <test-method status="PASS" signature="deleteMessage(java.lang.String)[pri:0, instance:com.epam.vyacheslav_utenkov.java.lesson7.advanced.YandexMailTest@352ff4da]" name="deleteMessage" duration-ms="10204" started-at="2016-09-13T16:04:13Z" data-provider="getMessageData" depends-on-methods="com.epam.vyacheslav_utenkov.java.lesson7.advanced.YandexMailTest.sendMessagesTest" finished-at="2016-09-13T16:04:24Z">
          <params>
            <param index="0">
              <value>
                <![CDATA[horns.and.hoovers@mail.ru:Just Test Message:Hello world!]]>
              </value>
            </param>
          </params>
          <reporter-output>
            <line>
              <![CDATA[INFO  com.epam.vyacheslav_utenkov.java.lesson7.advanced.YandexMailTest(1)=130: Start check label<br>]]>
            </line>
            <line>
              <![CDATA[INFO  com.epam.vyacheslav_utenkov.java.lesson7.utils.EventListener(1)=66: EventListener - onTestSuccess<br>]]>
            </line>
            <line>
              <![CDATA[INFO  com.epam.vyacheslav_utenkov.java.lesson7.utils.EventListener(1)=26: EventListener - makeScreenShot/if2<br>]]>
            </line>
            <line>
              <![CDATA[INFO  com.epam.vyacheslav_utenkov.java.lesson7.utils.EventListener(1)=31: EventListener - makeScreenShot/if2/makeScreenShot<br>]]>
            </line>
            <line>
              <![CDATA[INFO  com.epam.vyacheslav_utenkov.java.lesson7.utils.ScreenShot(1)=25: <a href='screenshots/screenshot7894615602564245546.png'>Success screen shot</a><br>]]>
            </line>
          </reporter-output>
        </test-method> <!-- deleteMessage -->
        <test-method status="PASS" signature="deleteMessage(java.lang.String)[pri:0, instance:com.epam.vyacheslav_utenkov.java.lesson7.advanced.YandexMailTest@352ff4da]" name="deleteMessage" duration-ms="10129" started-at="2016-09-13T16:04:24Z" data-provider="getMessageData" depends-on-methods="com.epam.vyacheslav_utenkov.java.lesson7.advanced.YandexMailTest.sendMessagesTest" finished-at="2016-09-13T16:04:34Z">
          <params>
            <param index="0">
              <value>
                <![CDATA[horns.and@mail.ru:Just Test for Message2:This message do not have much sense!]]>
              </value>
            </param>
          </params>
          <reporter-output>
            <line>
              <![CDATA[INFO  com.epam.vyacheslav_utenkov.java.lesson7.advanced.YandexMailTest(1)=130: Start check label<br>]]>
            </line>
            <line>
              <![CDATA[INFO  com.epam.vyacheslav_utenkov.java.lesson7.utils.EventListener(1)=66: EventListener - onTestSuccess<br>]]>
            </line>
            <line>
              <![CDATA[INFO  com.epam.vyacheslav_utenkov.java.lesson7.utils.EventListener(1)=26: EventListener - makeScreenShot/if2<br>]]>
            </line>
            <line>
              <![CDATA[INFO  com.epam.vyacheslav_utenkov.java.lesson7.utils.EventListener(1)=31: EventListener - makeScreenShot/if2/makeScreenShot<br>]]>
            </line>
            <line>
              <![CDATA[INFO  com.epam.vyacheslav_utenkov.java.lesson7.utils.ScreenShot(1)=25: <a href='screenshots/screenshot7603993693658616428.png'>Success screen shot</a><br>]]>
            </line>
          </reporter-output>
        </test-method> <!-- deleteMessage -->
        <test-method status="PASS" signature="deleteMessage(java.lang.String)[pri:0, instance:com.epam.vyacheslav_utenkov.java.lesson7.advanced.YandexMailTest@352ff4da]" name="deleteMessage" duration-ms="10103" started-at="2016-09-13T16:04:34Z" data-provider="getMessageData" depends-on-methods="com.epam.vyacheslav_utenkov.java.lesson7.advanced.YandexMailTest.sendMessagesTest" finished-at="2016-09-13T16:04:44Z">
          <params>
            <param index="0">
              <value>
                <![CDATA[horns@mail.ru:Just Test Message3:I am tired to think about message text!]]>
              </value>
            </param>
          </params>
          <reporter-output>
            <line>
              <![CDATA[INFO  com.epam.vyacheslav_utenkov.java.lesson7.advanced.YandexMailTest(1)=130: Start check label<br>]]>
            </line>
            <line>
              <![CDATA[INFO  com.epam.vyacheslav_utenkov.java.lesson7.utils.EventListener(1)=66: EventListener - onTestSuccess<br>]]>
            </line>
            <line>
              <![CDATA[INFO  com.epam.vyacheslav_utenkov.java.lesson7.utils.EventListener(1)=26: EventListener - makeScreenShot/if2<br>]]>
            </line>
            <line>
              <![CDATA[INFO  com.epam.vyacheslav_utenkov.java.lesson7.utils.EventListener(1)=31: EventListener - makeScreenShot/if2/makeScreenShot<br>]]>
            </line>
            <line>
              <![CDATA[INFO  com.epam.vyacheslav_utenkov.java.lesson7.utils.ScreenShot(1)=25: <a href='screenshots/screenshot7724921988484130349.png'>Success screen shot</a><br>]]>
            </line>
          </reporter-output>
        </test-method> <!-- deleteMessage -->
        <test-method status="FAIL" signature="getException()[pri:0, instance:com.epam.vyacheslav_utenkov.java.lesson7.advanced.YandexMailTest@352ff4da]" name="getException" duration-ms="162" started-at="2016-09-13T16:04:44Z" depends-on-methods="com.epam.vyacheslav_utenkov.java.lesson7.advanced.YandexMailTest.deleteMessage" finished-at="2016-09-13T16:04:45Z">
          <exception class="java.lang.RuntimeException">
            <full-stacktrace>
              <![CDATA[java.lang.RuntimeException
	at com.epam.vyacheslav_utenkov.java.lesson7.advanced.YandexMailTest.getException(YandexMailTest.java:144)
	at sun.reflect.NativeMethodAccessorImpl.invoke0(Native Method)
	at sun.reflect.NativeMethodAccessorImpl.invoke(NativeMethodAccessorImpl.java:62)
	at sun.reflect.DelegatingMethodAccessorImpl.invoke(DelegatingMethodAccessorImpl.java:43)
	at java.lang.reflect.Method.invoke(Method.java:498)
	at org.testng.internal.MethodInvocationHelper.invokeMethod(MethodInvocationHelper.java:85)
	at org.testng.internal.Invoker.invokeMethod(Invoker.java:639)
	at org.testng.internal.Invoker.invokeTestMethod(Invoker.java:816)
	at org.testng.internal.Invoker.invokeTestMethods(Invoker.java:1124)
	at org.testng.internal.TestMethodWorker.invokeTestMethods(TestMethodWorker.java:125)
	at org.testng.internal.TestMethodWorker.run(TestMethodWorker.java:108)
	at org.testng.TestRunner.privateRun(TestRunner.java:774)
	at org.testng.TestRunner.run(TestRunner.java:624)
	at org.testng.SuiteRunner.runTest(SuiteRunner.java:359)
	at org.testng.SuiteRunner.runSequentially(SuiteRunner.java:354)
	at org.testng.SuiteRunner.privateRun(SuiteRunner.java:312)
	at org.testng.SuiteRunner.run(SuiteRunner.java:261)
	at org.testng.SuiteRunnerWorker.runSuite(SuiteRunnerWorker.java:52)
	at org.testng.SuiteRunnerWorker.run(SuiteRunnerWorker.java:86)
	at org.testng.TestNG.runSuitesSequentially(TestNG.java:1215)
	at org.testng.TestNG.runSuitesLocally(TestNG.java:1140)
	at org.testng.TestNG.run(TestNG.java:1048)
	at org.testng.remote.AbstractRemoteTestNG.run(AbstractRemoteTestNG.java:126)
	at org.testng.remote.RemoteTestNG.initAndRun(RemoteTestNG.java:152)
	at org.testng.remote.RemoteTestNG.main(RemoteTestNG.java:57)
]]>
            </full-stacktrace>
          </exception> <!-- java.lang.RuntimeException -->
          <reporter-output>
            <line>
              <![CDATA[INFO  com.epam.vyacheslav_utenkov.java.lesson7.utils.EventListener(1)=51: EventListener - onTestFailure<br>]]>
            </line>
            <line>
              <![CDATA[INFO  com.epam.vyacheslav_utenkov.java.lesson7.utils.EventListener(1)=26: EventListener - makeScreenShot/if2<br>]]>
            </line>
            <line>
              <![CDATA[INFO  com.epam.vyacheslav_utenkov.java.lesson7.utils.EventListener(1)=31: EventListener - makeScreenShot/if2/makeScreenShot<br>]]>
            </line>
            <line>
              <![CDATA[INFO  com.epam.vyacheslav_utenkov.java.lesson7.utils.ScreenShot(1)=25: <a href='screenshots/screenshot979035474637331521.png'>Failed screen shot</a><br>]]>
            </line>
          </reporter-output>
        </test-method> <!-- getException -->
        <test-method status="FAIL" signature="closeBrowser()[pri:0, instance:com.epam.vyacheslav_utenkov.java.lesson7.advanced.YandexMailTest@352ff4da]" name="closeBrowser" is-config="true" duration-ms="0" started-at="2016-09-13T16:04:45Z" finished-at="2016-09-13T16:04:45Z">
          <exception class="org.openqa.selenium.remote.UnreachableBrowserException">
            <message>
              <![CDATA[Error communicating with the remote browser. It may have died.
Build info: version: '2.53.1', revision: 'a36b8b1', time: '2016-06-30 17:37:03'
System info: host: 'EPRURYAW0075', ip: '192.168.56.1', os.name: 'Windows 7', os.arch: 'amd64', os.version: '6.1', java.version: '1.8.0_92'
Driver info: driver.version: RemoteWebDriver
Capabilities [{applicationCacheEnabled=true, rotatable=false, handlesAlerts=true, databaseEnabled=true, version=46.0, platform=WINDOWS, nativeEvents=false, acceptSslCerts=true, webStorageEnabled=true, locationContextEnabled=true, browserName=firefox, takesScreenshot=true, javascriptEnabled=true, cssSelectorsEnabled=true}]
Session ID: 06acfb48-0665-4ac0-ae22-1f9dc77f0322]]>
            </message>
            <full-stacktrace>
              <![CDATA[org.openqa.selenium.remote.UnreachableBrowserException: Error communicating with the remote browser. It may have died.
Build info: version: '2.53.1', revision: 'a36b8b1', time: '2016-06-30 17:37:03'
System info: host: 'EPRURYAW0075', ip: '192.168.56.1', os.name: 'Windows 7', os.arch: 'amd64', os.version: '6.1', java.version: '1.8.0_92'
Driver info: driver.version: RemoteWebDriver
Capabilities [{applicationCacheEnabled=true, rotatable=false, handlesAlerts=true, databaseEnabled=true, version=46.0, platform=WINDOWS, nativeEvents=false, acceptSslCerts=true, webStorageEnabled=true, locationContextEnabled=true, browserName=firefox, takesScreenshot=true, javascriptEnabled=true, cssSelectorsEnabled=true}]
Session ID: 06acfb48-0665-4ac0-ae22-1f9dc77f0322
	at org.openqa.selenium.remote.RemoteWebDriver.execute(RemoteWebDriver.java:665)
	at org.openqa.selenium.remote.RemoteWebDriver.findElement(RemoteWebDriver.java:363)
	at org.openqa.selenium.remote.RemoteWebDriver.findElementByCssSelector(RemoteWebDriver.java:492)
	at org.openqa.selenium.By$ByCssSelector.findElement(By.java:430)
	at org.openqa.selenium.remote.RemoteWebDriver.findElement(RemoteWebDriver.java:355)
	at org.openqa.selenium.support.pagefactory.DefaultElementLocator.findElement(DefaultElementLocator.java:69)
	at org.openqa.selenium.support.pagefactory.internal.LocatingElementHandler.invoke(LocatingElementHandler.java:38)
	at com.sun.proxy.$Proxy8.getCoordinates(Unknown Source)
	at org.openqa.selenium.interactions.internal.MouseAction.getActionLocation(MouseAction.java:51)
	at org.openqa.selenium.interactions.internal.MouseAction.moveToLocation(MouseAction.java:58)
	at org.openqa.selenium.interactions.ClickAction.perform(ClickAction.java:36)
	at org.openqa.selenium.interactions.CompositeAction.perform(CompositeAction.java:50)
	at com.epam.vyacheslav_utenkov.java.lesson7.ui.SentboxPage.deleteMessages(SentboxPage.java:80)
	at com.epam.vyacheslav_utenkov.java.lesson7.advanced.YandexMailTest.closeBrowser(YandexMailTest.java:149)
	at com.epam.vyacheslav_utenkov.java.lesson7.advanced.YandexMailTest.closeBrowser(YandexMailTest.java:153)
	at sun.reflect.NativeMethodAccessorImpl.invoke0(Native Method)
	at sun.reflect.NativeMethodAccessorImpl.invoke(NativeMethodAccessorImpl.java:62)
	at sun.reflect.DelegatingMethodAccessorImpl.invoke(DelegatingMethodAccessorImpl.java:43)
	at java.lang.reflect.Method.invoke(Method.java:498)
	at org.testng.internal.MethodInvocationHelper.invokeMethod(MethodInvocationHelper.java:85)
	at org.testng.internal.Invoker.invokeConfigurationMethod(Invoker.java:510)
	at org.testng.internal.Invoker.invokeConfigurations(Invoker.java:211)
	at org.testng.internal.Invoker.invokeConfigurations(Invoker.java:138)
	at org.testng.TestRunner.afterRun(TestRunner.java:1023)
	at org.testng.TestRunner.run(TestRunner.java:628)
	at org.testng.SuiteRunner.runTest(SuiteRunner.java:359)
	at org.testng.SuiteRunner.runSequentially(SuiteRunner.java:354)
	at org.testng.SuiteRunner.privateRun(SuiteRunner.java:312)
	at org.testng.SuiteRunner.run(SuiteRunner.java:261)
	at org.testng.SuiteRunnerWorker.runSuite(SuiteRunnerWorker.java:52)
	at org.testng.SuiteRunnerWorker.run(SuiteRunnerWorker.java:86)
	at org.testng.TestNG.runSuitesSequentially(TestNG.java:1215)
	at org.testng.TestNG.runSuitesLocally(TestNG.java:1140)
	at org.testng.TestNG.run(TestNG.java:1048)
	at org.testng.remote.AbstractRemoteTestNG.run(AbstractRemoteTestNG.java:126)
	at org.testng.remote.RemoteTestNG.initAndRun(RemoteTestNG.java:152)
	at org.testng.remote.RemoteTestNG.main(RemoteTestNG.java:57)
Caused by: org.apache.http.conn.HttpHostConnectException: Connect to 127.0.0.1:7055 [/127.0.0.1] failed: Connection refused: connect
	at org.apache.http.impl.conn.DefaultHttpClientConnectionOperator.connect(DefaultHttpClientConnectionOperator.java:151)
	at org.apache.http.impl.conn.PoolingHttpClientConnectionManager.connect(PoolingHttpClientConnectionManager.java:353)
	at org.apache.http.impl.execchain.MainClientExec.establishRoute(MainClientExec.java:380)
	at org.apache.http.impl.execchain.MainClientExec.execute(MainClientExec.java:236)
	at org.apache.http.impl.execchain.ProtocolExec.execute(ProtocolExec.java:184)
	at org.apache.http.impl.execchain.RetryExec.execute(RetryExec.java:88)
	at org.apache.http.impl.execchain.RedirectExec.execute(RedirectExec.java:110)
	at org.apache.http.impl.client.InternalHttpClient.doExecute(InternalHttpClient.java:184)
	at org.apache.http.impl.client.CloseableHttpClient.execute(CloseableHttpClient.java:71)
	at org.apache.http.impl.client.CloseableHttpClient.execute(CloseableHttpClient.java:55)
	at org.openqa.selenium.remote.internal.ApacheHttpClient.fallBackExecute(ApacheHttpClient.java:162)
	at org.openqa.selenium.remote.internal.ApacheHttpClient.execute(ApacheHttpClient.java:90)
	at org.openqa.selenium.remote.HttpCommandExecutor.execute(HttpCommandExecutor.java:142)
	at org.openqa.selenium.firefox.internal.NewProfileExtensionConnection.execute(NewProfileExtensionConnection.java:160)
	at org.openqa.selenium.firefox.FirefoxDriver$LazyCommandExecutor.execute(FirefoxDriver.java:380)
	at org.openqa.selenium.remote.RemoteWebDriver.execute(RemoteWebDriver.java:644)
	... 36 more
Caused by: java.net.ConnectException: Connection refused: connect
	at java.net.DualStackPlainSocketImpl.waitForConnect(Native Method)
	at java.net.DualStackPlainSocketImpl.socketConnect(DualStackPlainSocketImpl.java:85)
	at java.net.AbstractPlainSocketImpl.doConnect(AbstractPlainSocketImpl.java:350)
	at java.net.AbstractPlainSocketImpl.connectToAddress(AbstractPlainSocketImpl.java:206)
	at java.net.AbstractPlainSocketImpl.connect(AbstractPlainSocketImpl.java:188)
	at java.net.PlainSocketImpl.connect(PlainSocketImpl.java:172)
	at java.net.SocksSocketImpl.connect(SocksSocketImpl.java:392)
	at java.net.Socket.connect(Socket.java:589)
	at org.apache.http.conn.socket.PlainConnectionSocketFactory.connectSocket(PlainConnectionSocketFactory.java:74)
	at org.apache.http.impl.conn.DefaultHttpClientConnectionOperator.connect(DefaultHttpClientConnectionOperator.java:134)
	... 51 more
]]>
            </full-stacktrace>
          </exception> <!-- org.openqa.selenium.remote.UnreachableBrowserException -->
          <reporter-output>
            <line>
              <![CDATA[INFO  com.epam.vyacheslav_utenkov.java.lesson7.utils.ScreenShot(1)=25: <a href='screenshots/screenshot7847875797172864526.png'>See screenshot</a><br>]]>
            </line>
          </reporter-output>
        </test-method> <!-- closeBrowser -->
      </class> <!-- com.epam.vyacheslav_utenkov.java.lesson7.advanced.YandexMailTest -->
    </test> <!-- Default test -->
  </suite> <!-- Default suite -->
</testng-results>
